This file contains any messages produced by compilers while
running configure, to aid debugging if configure makes a mistake.

It was created by hypre configure 2.15.1, which was
generated by GNU Autoconf 2.69.  Invocation command line was

  $ ./configure --prefix=/home/damodars/hypre_ep/hypre_ep/src/build --with-openmp CC=mpicxx CXX=mpicxx F77=mpif77 CFLAGS=-fPIC -O2 -g -fopenmp -DUSE_SIMD -std=c++11 CXXFLAGS=-fPIC -O2 -g -fopenmp -DUSE_SIMD -std=c++11

## --------- ##
## Platform. ##
## --------- ##

hostname = albion
uname -m = x86_64
uname -r = 4.19.0-6-amd64
uname -s = Linux
uname -v = #1 SMP Debian 4.19.67-2+deb10u1 (2019-09-20)

/usr/bin/uname -p = unknown
/bin/uname -X     = unknown

/bin/arch              = unknown
/usr/bin/arch -k       = unknown
/usr/convex/getsysinfo = unknown
/usr/bin/hostinfo      = unknown
/bin/machine           = unknown
/usr/bin/oslevel       = unknown
/bin/universe          = unknown

PATH: /usr/local/mpich-3.2/bin
PATH: /opt/intel/parallel_studio_2020/compilers_and_libraries_2020.2.254/linux/bin/intel64
PATH: /opt/intel/parallel_studio_2020/compilers_and_libraries_2020.2.254/linux/bin
PATH: /opt/intel/parallel_studio_2020/compilers_and_libraries_2020.2.254/linux/mpi/intel64/libfabric/bin
PATH: /opt/intel/parallel_studio_2020/compilers_and_libraries_2020.2.254/linux/mpi/intel64/bin
PATH: /opt/intel/parallel_studio_2020/debugger_2020/gdb/intel64/bin
PATH: /home/damodars/uintah_kokkos_dev/kokkos/kokkos_cuda/build/build/bin
PATH: /home/damodars/install/tau-2.28.2/build/x86_64/bin/
PATH: /usr/local/cuda-9.2/bin
PATH: /usr/local/bin
PATH: /usr/bin
PATH: /bin
PATH: /usr/local/games
PATH: /usr/games
PATH: /home/damodars/uintah_kokkos_dev/kokkos/kokkos_cuda/build/bin


## ----------- ##
## Core tests. ##
## ----------- ##

configure:2644: checking build system type
configure:2658: result: x86_64-pc-linux-gnu
configure:2682: checking host system type
configure:2695: result: x86_64-pc-linux-gnu
configure:4539: checking whether make sets $(MAKE)
configure:4561: result: yes
configure:4613: checking for ranlib
configure:4629: found /usr/bin/ranlib
configure:4640: result: ranlib
configure:4713: checking for gcc
configure:4740: result: mpicxx
configure:4969: checking for C compiler version
configure:4978: mpicxx --version >&5
icpc (ICC) 19.1.2.254 20200623
Copyright (C) 1985-2020 Intel Corporation.  All rights reserved.

configure:4989: $? = 0
configure:4978: mpicxx -v >&5
mpicxx for MPICH version 3.2
icpc version 19.1.2.254 (gcc version 7.4.0 compatibility)
configure:4989: $? = 0
configure:4978: mpicxx -V >&5
GNU ld (GNU Binutils for Debian) 2.31.1
Intel(R) C++ Intel(R) 64 Compiler for applications running on Intel(R) 64, Version 19.1.2.254 Build 20200623
Copyright (C) 1985-2020 Intel Corporation.  All rights reserved.

ld: /usr/lib/gcc/x86_64-linux-gnu/7/../../../x86_64-linux-gnu/Scrt1.o: in function `_start':
(.text+0x20): undefined reference to `main'
configure:4989: $? = 1
configure:4978: mpicxx -qversion >&5
icpc: command line warning #10006: ignoring unknown option '-qversion'
ld: /usr/lib/gcc/x86_64-linux-gnu/7/../../../x86_64-linux-gnu/Scrt1.o: in function `_start':
(.text+0x20): undefined reference to `main'
configure:4989: $? = 1
configure:5009: checking whether the C compiler works
configure:5031: mpicxx -fPIC -O2 -g -fopenmp -DUSE_SIMD -std=c++11   conftest.c  >&5
configure:5035: $? = 0
configure:5083: result: yes
configure:5086: checking for C compiler default output file name
configure:5088: result: a.out
configure:5094: checking for suffix of executables
configure:5101: mpicxx -o conftest -fPIC -O2 -g -fopenmp -DUSE_SIMD -std=c++11   conftest.c  >&5
configure:5105: $? = 0
configure:5127: result: 
configure:5149: checking whether we are cross compiling
configure:5157: mpicxx -o conftest -fPIC -O2 -g -fopenmp -DUSE_SIMD -std=c++11   conftest.c  >&5
configure:5161: $? = 0
configure:5168: ./conftest
configure:5172: $? = 0
configure:5187: result: no
configure:5192: checking for suffix of object files
configure:5214: mpicxx -c -fPIC -O2 -g -fopenmp -DUSE_SIMD -std=c++11  conftest.c >&5
configure:5218: $? = 0
configure:5239: result: o
configure:5243: checking whether we are using the GNU C compiler
configure:5262: mpicxx -c -fPIC -O2 -g -fopenmp -DUSE_SIMD -std=c++11  conftest.c >&5
configure:5262: $? = 0
configure:5271: result: yes
configure:5280: checking whether mpicxx accepts -g
configure:5300: mpicxx -c -g  conftest.c >&5
configure:5300: $? = 0
configure:5341: result: yes
configure:5358: checking for mpicxx option to accept ISO C89
configure:5421: mpicxx  -c -fPIC -O2 -g -fopenmp -DUSE_SIMD -std=c++11  conftest.c >&5
conftest.c(24): error: identifier "p" is undefined
  static char *e (p, i)
                  ^

conftest.c(24): error: expected a ")"
  static char *e (p, i)
                   ^

conftest.c(25): error: expected a ";"
       char **p;
       ^

conftest.c(27): error: expected a declaration
  {
  ^

conftest.c(63): error: argument of type "char *" is incompatible with parameter of type "char *(*)(char **, int)"
  return f (e, argv, 0) != argv[0]  ||  f (e, argv, 1) != argv[1];
            ^

conftest.c(63): error: argument of type "char *" is incompatible with parameter of type "char *(*)(char **, int)"
  return f (e, argv, 0) != argv[0]  ||  f (e, argv, 1) != argv[1];
                                           ^

compilation aborted for conftest.c (code 2)
configure:5421: $? = 2
configure: failed program was:
| /* confdefs.h */
| #define PACKAGE_NAME "hypre"
| #define PACKAGE_TARNAME "hypre"
| #define PACKAGE_VERSION "2.15.1"
| #define PACKAGE_STRING "hypre 2.15.1"
| #define PACKAGE_BUGREPORT ""
| #define PACKAGE_URL ""
| #define HYPRE_RELEASE_NAME "hypre"
| #define HYPRE_RELEASE_VERSION "2.15.1"
| #define HYPRE_RELEASE_DATE "2018/10/19"
| #define HYPRE_RELEASE_TIME "00:00:00"
| #define HYPRE_RELEASE_BUGS "hypre-support@llnl.gov"
| #define HYPRE_MAXDIM 3
| #define HYPRE_FMANGLE 0
| #define HYPRE_FMANGLE_BLAS 0
| #define HYPRE_FMANGLE_LAPACK 0
| /* end confdefs.h.  */
| #include <stdarg.h>
| #include <stdio.h>
| struct stat;
| /* Most of the following tests are stolen from RCS 5.7's src/conf.sh.  */
| struct buf { int x; };
| FILE * (*rcsopen) (struct buf *, struct stat *, int);
| static char *e (p, i)
|      char **p;
|      int i;
| {
|   return p[i];
| }
| static char *f (char * (*g) (char **, int), char **p, ...)
| {
|   char *s;
|   va_list v;
|   va_start (v,p);
|   s = g (p, va_arg (v,int));
|   va_end (v);
|   return s;
| }
| 
| /* OSF 4.0 Compaq cc is some sort of almost-ANSI by default.  It has
|    function prototypes and stuff, but not '\xHH' hex character constants.
|    These don't provoke an error unfortunately, instead are silently treated
|    as 'x'.  The following induces an error, until -std is added to get
|    proper ANSI mode.  Curiously '\x00'!='x' always comes out true, for an
|    array size at least.  It's necessary to write '\x00'==0 to get something
|    that's true only with -std.  */
| int osf4_cc_array ['\x00' == 0 ? 1 : -1];
| 
| /* IBM C 6 for AIX is almost-ANSI by default, but it replaces macro parameters
|    inside strings and character constants.  */
| #define FOO(x) 'x'
| int xlc6_cc_array[FOO(a) == 'x' ? 1 : -1];
| 
| int test (int i, double x);
| struct s1 {int (*f) (int a);};
| struct s2 {int (*f) (double a);};
| int pairnames (int, char **, FILE *(*)(struct buf *, struct stat *, int), int, int);
| int argc;
| char **argv;
| int
| main ()
| {
| return f (e, argv, 0) != argv[0]  ||  f (e, argv, 1) != argv[1];
|   ;
|   return 0;
| }
configure:5421: mpicxx -qlanglvl=extc89 -c -fPIC -O2 -g -fopenmp -DUSE_SIMD -std=c++11  conftest.c >&5
icpc: command line warning #10006: ignoring unknown option '-qlanglvl=extc89'
conftest.c(24): error: identifier "p" is undefined
  static char *e (p, i)
                  ^

conftest.c(24): error: expected a ")"
  static char *e (p, i)
                   ^

conftest.c(25): error: expected a ";"
       char **p;
       ^

conftest.c(27): error: expected a declaration
  {
  ^

conftest.c(63): error: argument of type "char *" is incompatible with parameter of type "char *(*)(char **, int)"
  return f (e, argv, 0) != argv[0]  ||  f (e, argv, 1) != argv[1];
            ^

conftest.c(63): error: argument of type "char *" is incompatible with parameter of type "char *(*)(char **, int)"
  return f (e, argv, 0) != argv[0]  ||  f (e, argv, 1) != argv[1];
                                           ^

compilation aborted for conftest.c (code 2)
configure:5421: $? = 2
configure: failed program was:
| /* confdefs.h */
| #define PACKAGE_NAME "hypre"
| #define PACKAGE_TARNAME "hypre"
| #define PACKAGE_VERSION "2.15.1"
| #define PACKAGE_STRING "hypre 2.15.1"
| #define PACKAGE_BUGREPORT ""
| #define PACKAGE_URL ""
| #define HYPRE_RELEASE_NAME "hypre"
| #define HYPRE_RELEASE_VERSION "2.15.1"
| #define HYPRE_RELEASE_DATE "2018/10/19"
| #define HYPRE_RELEASE_TIME "00:00:00"
| #define HYPRE_RELEASE_BUGS "hypre-support@llnl.gov"
| #define HYPRE_MAXDIM 3
| #define HYPRE_FMANGLE 0
| #define HYPRE_FMANGLE_BLAS 0
| #define HYPRE_FMANGLE_LAPACK 0
| /* end confdefs.h.  */
| #include <stdarg.h>
| #include <stdio.h>
| struct stat;
| /* Most of the following tests are stolen from RCS 5.7's src/conf.sh.  */
| struct buf { int x; };
| FILE * (*rcsopen) (struct buf *, struct stat *, int);
| static char *e (p, i)
|      char **p;
|      int i;
| {
|   return p[i];
| }
| static char *f (char * (*g) (char **, int), char **p, ...)
| {
|   char *s;
|   va_list v;
|   va_start (v,p);
|   s = g (p, va_arg (v,int));
|   va_end (v);
|   return s;
| }
| 
| /* OSF 4.0 Compaq cc is some sort of almost-ANSI by default.  It has
|    function prototypes and stuff, but not '\xHH' hex character constants.
|    These don't provoke an error unfortunately, instead are silently treated
|    as 'x'.  The following induces an error, until -std is added to get
|    proper ANSI mode.  Curiously '\x00'!='x' always comes out true, for an
|    array size at least.  It's necessary to write '\x00'==0 to get something
|    that's true only with -std.  */
| int osf4_cc_array ['\x00' == 0 ? 1 : -1];
| 
| /* IBM C 6 for AIX is almost-ANSI by default, but it replaces macro parameters
|    inside strings and character constants.  */
| #define FOO(x) 'x'
| int xlc6_cc_array[FOO(a) == 'x' ? 1 : -1];
| 
| int test (int i, double x);
| struct s1 {int (*f) (int a);};
| struct s2 {int (*f) (double a);};
| int pairnames (int, char **, FILE *(*)(struct buf *, struct stat *, int), int, int);
| int argc;
| char **argv;
| int
| main ()
| {
| return f (e, argv, 0) != argv[0]  ||  f (e, argv, 1) != argv[1];
|   ;
|   return 0;
| }
configure:5421: mpicxx -qlanglvl=ansi -c -fPIC -O2 -g -fopenmp -DUSE_SIMD -std=c++11  conftest.c >&5
icpc: command line warning #10006: ignoring unknown option '-qlanglvl=ansi'
conftest.c(24): error: identifier "p" is undefined
  static char *e (p, i)
                  ^

conftest.c(24): error: expected a ")"
  static char *e (p, i)
                   ^

conftest.c(25): error: expected a ";"
       char **p;
       ^

conftest.c(27): error: expected a declaration
  {
  ^

conftest.c(63): error: argument of type "char *" is incompatible with parameter of type "char *(*)(char **, int)"
  return f (e, argv, 0) != argv[0]  ||  f (e, argv, 1) != argv[1];
            ^

conftest.c(63): error: argument of type "char *" is incompatible with parameter of type "char *(*)(char **, int)"
  return f (e, argv, 0) != argv[0]  ||  f (e, argv, 1) != argv[1];
                                           ^

compilation aborted for conftest.c (code 2)
configure:5421: $? = 2
configure: failed program was:
| /* confdefs.h */
| #define PACKAGE_NAME "hypre"
| #define PACKAGE_TARNAME "hypre"
| #define PACKAGE_VERSION "2.15.1"
| #define PACKAGE_STRING "hypre 2.15.1"
| #define PACKAGE_BUGREPORT ""
| #define PACKAGE_URL ""
| #define HYPRE_RELEASE_NAME "hypre"
| #define HYPRE_RELEASE_VERSION "2.15.1"
| #define HYPRE_RELEASE_DATE "2018/10/19"
| #define HYPRE_RELEASE_TIME "00:00:00"
| #define HYPRE_RELEASE_BUGS "hypre-support@llnl.gov"
| #define HYPRE_MAXDIM 3
| #define HYPRE_FMANGLE 0
| #define HYPRE_FMANGLE_BLAS 0
| #define HYPRE_FMANGLE_LAPACK 0
| /* end confdefs.h.  */
| #include <stdarg.h>
| #include <stdio.h>
| struct stat;
| /* Most of the following tests are stolen from RCS 5.7's src/conf.sh.  */
| struct buf { int x; };
| FILE * (*rcsopen) (struct buf *, struct stat *, int);
| static char *e (p, i)
|      char **p;
|      int i;
| {
|   return p[i];
| }
| static char *f (char * (*g) (char **, int), char **p, ...)
| {
|   char *s;
|   va_list v;
|   va_start (v,p);
|   s = g (p, va_arg (v,int));
|   va_end (v);
|   return s;
| }
| 
| /* OSF 4.0 Compaq cc is some sort of almost-ANSI by default.  It has
|    function prototypes and stuff, but not '\xHH' hex character constants.
|    These don't provoke an error unfortunately, instead are silently treated
|    as 'x'.  The following induces an error, until -std is added to get
|    proper ANSI mode.  Curiously '\x00'!='x' always comes out true, for an
|    array size at least.  It's necessary to write '\x00'==0 to get something
|    that's true only with -std.  */
| int osf4_cc_array ['\x00' == 0 ? 1 : -1];
| 
| /* IBM C 6 for AIX is almost-ANSI by default, but it replaces macro parameters
|    inside strings and character constants.  */
| #define FOO(x) 'x'
| int xlc6_cc_array[FOO(a) == 'x' ? 1 : -1];
| 
| int test (int i, double x);
| struct s1 {int (*f) (int a);};
| struct s2 {int (*f) (double a);};
| int pairnames (int, char **, FILE *(*)(struct buf *, struct stat *, int), int, int);
| int argc;
| char **argv;
| int
| main ()
| {
| return f (e, argv, 0) != argv[0]  ||  f (e, argv, 1) != argv[1];
|   ;
|   return 0;
| }
configure:5421: mpicxx -std -c -fPIC -O2 -g -fopenmp -DUSE_SIMD -std=c++11  conftest.c >&5
icpc: command line warning #10159: invalid argument for option '-std'
conftest.c(24): error: identifier "p" is undefined
  static char *e (p, i)
                  ^

conftest.c(24): error: expected a ")"
  static char *e (p, i)
                   ^

conftest.c(25): error: expected a ";"
       char **p;
       ^

conftest.c(27): error: expected a declaration
  {
  ^

conftest.c(63): error: argument of type "char *" is incompatible with parameter of type "char *(*)(char **, int)"
  return f (e, argv, 0) != argv[0]  ||  f (e, argv, 1) != argv[1];
            ^

conftest.c(63): error: argument of type "char *" is incompatible with parameter of type "char *(*)(char **, int)"
  return f (e, argv, 0) != argv[0]  ||  f (e, argv, 1) != argv[1];
                                           ^

compilation aborted for conftest.c (code 2)
configure:5421: $? = 2
configure: failed program was:
| /* confdefs.h */
| #define PACKAGE_NAME "hypre"
| #define PACKAGE_TARNAME "hypre"
| #define PACKAGE_VERSION "2.15.1"
| #define PACKAGE_STRING "hypre 2.15.1"
| #define PACKAGE_BUGREPORT ""
| #define PACKAGE_URL ""
| #define HYPRE_RELEASE_NAME "hypre"
| #define HYPRE_RELEASE_VERSION "2.15.1"
| #define HYPRE_RELEASE_DATE "2018/10/19"
| #define HYPRE_RELEASE_TIME "00:00:00"
| #define HYPRE_RELEASE_BUGS "hypre-support@llnl.gov"
| #define HYPRE_MAXDIM 3
| #define HYPRE_FMANGLE 0
| #define HYPRE_FMANGLE_BLAS 0
| #define HYPRE_FMANGLE_LAPACK 0
| /* end confdefs.h.  */
| #include <stdarg.h>
| #include <stdio.h>
| struct stat;
| /* Most of the following tests are stolen from RCS 5.7's src/conf.sh.  */
| struct buf { int x; };
| FILE * (*rcsopen) (struct buf *, struct stat *, int);
| static char *e (p, i)
|      char **p;
|      int i;
| {
|   return p[i];
| }
| static char *f (char * (*g) (char **, int), char **p, ...)
| {
|   char *s;
|   va_list v;
|   va_start (v,p);
|   s = g (p, va_arg (v,int));
|   va_end (v);
|   return s;
| }
| 
| /* OSF 4.0 Compaq cc is some sort of almost-ANSI by default.  It has
|    function prototypes and stuff, but not '\xHH' hex character constants.
|    These don't provoke an error unfortunately, instead are silently treated
|    as 'x'.  The following induces an error, until -std is added to get
|    proper ANSI mode.  Curiously '\x00'!='x' always comes out true, for an
|    array size at least.  It's necessary to write '\x00'==0 to get something
|    that's true only with -std.  */
| int osf4_cc_array ['\x00' == 0 ? 1 : -1];
| 
| /* IBM C 6 for AIX is almost-ANSI by default, but it replaces macro parameters
|    inside strings and character constants.  */
| #define FOO(x) 'x'
| int xlc6_cc_array[FOO(a) == 'x' ? 1 : -1];
| 
| int test (int i, double x);
| struct s1 {int (*f) (int a);};
| struct s2 {int (*f) (double a);};
| int pairnames (int, char **, FILE *(*)(struct buf *, struct stat *, int), int, int);
| int argc;
| char **argv;
| int
| main ()
| {
| return f (e, argv, 0) != argv[0]  ||  f (e, argv, 1) != argv[1];
|   ;
|   return 0;
| }
configure:5421: mpicxx -Ae -c -fPIC -O2 -g -fopenmp -DUSE_SIMD -std=c++11  conftest.c >&5
conftest.c(24): error: identifier "p" is undefined
  static char *e (p, i)
                  ^

conftest.c(24): error: expected a ")"
  static char *e (p, i)
                   ^

conftest.c(25): error: expected a ";"
       char **p;
       ^

conftest.c(27): error: expected a declaration
  {
  ^

conftest.c(63): error: argument of type "char *" is incompatible with parameter of type "char *(*)(char **, int)"
  return f (e, argv, 0) != argv[0]  ||  f (e, argv, 1) != argv[1];
            ^

conftest.c(63): error: argument of type "char *" is incompatible with parameter of type "char *(*)(char **, int)"
  return f (e, argv, 0) != argv[0]  ||  f (e, argv, 1) != argv[1];
                                           ^

compilation aborted for conftest.c (code 2)
configure:5421: $? = 2
configure: failed program was:
| /* confdefs.h */
| #define PACKAGE_NAME "hypre"
| #define PACKAGE_TARNAME "hypre"
| #define PACKAGE_VERSION "2.15.1"
| #define PACKAGE_STRING "hypre 2.15.1"
| #define PACKAGE_BUGREPORT ""
| #define PACKAGE_URL ""
| #define HYPRE_RELEASE_NAME "hypre"
| #define HYPRE_RELEASE_VERSION "2.15.1"
| #define HYPRE_RELEASE_DATE "2018/10/19"
| #define HYPRE_RELEASE_TIME "00:00:00"
| #define HYPRE_RELEASE_BUGS "hypre-support@llnl.gov"
| #define HYPRE_MAXDIM 3
| #define HYPRE_FMANGLE 0
| #define HYPRE_FMANGLE_BLAS 0
| #define HYPRE_FMANGLE_LAPACK 0
| /* end confdefs.h.  */
| #include <stdarg.h>
| #include <stdio.h>
| struct stat;
| /* Most of the following tests are stolen from RCS 5.7's src/conf.sh.  */
| struct buf { int x; };
| FILE * (*rcsopen) (struct buf *, struct stat *, int);
| static char *e (p, i)
|      char **p;
|      int i;
| {
|   return p[i];
| }
| static char *f (char * (*g) (char **, int), char **p, ...)
| {
|   char *s;
|   va_list v;
|   va_start (v,p);
|   s = g (p, va_arg (v,int));
|   va_end (v);
|   return s;
| }
| 
| /* OSF 4.0 Compaq cc is some sort of almost-ANSI by default.  It has
|    function prototypes and stuff, but not '\xHH' hex character constants.
|    These don't provoke an error unfortunately, instead are silently treated
|    as 'x'.  The following induces an error, until -std is added to get
|    proper ANSI mode.  Curiously '\x00'!='x' always comes out true, for an
|    array size at least.  It's necessary to write '\x00'==0 to get something
|    that's true only with -std.  */
| int osf4_cc_array ['\x00' == 0 ? 1 : -1];
| 
| /* IBM C 6 for AIX is almost-ANSI by default, but it replaces macro parameters
|    inside strings and character constants.  */
| #define FOO(x) 'x'
| int xlc6_cc_array[FOO(a) == 'x' ? 1 : -1];
| 
| int test (int i, double x);
| struct s1 {int (*f) (int a);};
| struct s2 {int (*f) (double a);};
| int pairnames (int, char **, FILE *(*)(struct buf *, struct stat *, int), int, int);
| int argc;
| char **argv;
| int
| main ()
| {
| return f (e, argv, 0) != argv[0]  ||  f (e, argv, 1) != argv[1];
|   ;
|   return 0;
| }
configure:5421: mpicxx -Aa -D_HPUX_SOURCE -c -fPIC -O2 -g -fopenmp -DUSE_SIMD -std=c++11  conftest.c >&5
conftest.c(24): error: identifier "p" is undefined
  static char *e (p, i)
                  ^

conftest.c(24): error: expected a ")"
  static char *e (p, i)
                   ^

conftest.c(25): error: expected a ";"
       char **p;
       ^

conftest.c(27): error: expected a declaration
  {
  ^

conftest.c(63): error: argument of type "char *" is incompatible with parameter of type "char *(*)(char **, int)"
  return f (e, argv, 0) != argv[0]  ||  f (e, argv, 1) != argv[1];
            ^

conftest.c(63): error: argument of type "char *" is incompatible with parameter of type "char *(*)(char **, int)"
  return f (e, argv, 0) != argv[0]  ||  f (e, argv, 1) != argv[1];
                                           ^

compilation aborted for conftest.c (code 2)
configure:5421: $? = 2
configure: failed program was:
| /* confdefs.h */
| #define PACKAGE_NAME "hypre"
| #define PACKAGE_TARNAME "hypre"
| #define PACKAGE_VERSION "2.15.1"
| #define PACKAGE_STRING "hypre 2.15.1"
| #define PACKAGE_BUGREPORT ""
| #define PACKAGE_URL ""
| #define HYPRE_RELEASE_NAME "hypre"
| #define HYPRE_RELEASE_VERSION "2.15.1"
| #define HYPRE_RELEASE_DATE "2018/10/19"
| #define HYPRE_RELEASE_TIME "00:00:00"
| #define HYPRE_RELEASE_BUGS "hypre-support@llnl.gov"
| #define HYPRE_MAXDIM 3
| #define HYPRE_FMANGLE 0
| #define HYPRE_FMANGLE_BLAS 0
| #define HYPRE_FMANGLE_LAPACK 0
| /* end confdefs.h.  */
| #include <stdarg.h>
| #include <stdio.h>
| struct stat;
| /* Most of the following tests are stolen from RCS 5.7's src/conf.sh.  */
| struct buf { int x; };
| FILE * (*rcsopen) (struct buf *, struct stat *, int);
| static char *e (p, i)
|      char **p;
|      int i;
| {
|   return p[i];
| }
| static char *f (char * (*g) (char **, int), char **p, ...)
| {
|   char *s;
|   va_list v;
|   va_start (v,p);
|   s = g (p, va_arg (v,int));
|   va_end (v);
|   return s;
| }
| 
| /* OSF 4.0 Compaq cc is some sort of almost-ANSI by default.  It has
|    function prototypes and stuff, but not '\xHH' hex character constants.
|    These don't provoke an error unfortunately, instead are silently treated
|    as 'x'.  The following induces an error, until -std is added to get
|    proper ANSI mode.  Curiously '\x00'!='x' always comes out true, for an
|    array size at least.  It's necessary to write '\x00'==0 to get something
|    that's true only with -std.  */
| int osf4_cc_array ['\x00' == 0 ? 1 : -1];
| 
| /* IBM C 6 for AIX is almost-ANSI by default, but it replaces macro parameters
|    inside strings and character constants.  */
| #define FOO(x) 'x'
| int xlc6_cc_array[FOO(a) == 'x' ? 1 : -1];
| 
| int test (int i, double x);
| struct s1 {int (*f) (int a);};
| struct s2 {int (*f) (double a);};
| int pairnames (int, char **, FILE *(*)(struct buf *, struct stat *, int), int, int);
| int argc;
| char **argv;
| int
| main ()
| {
| return f (e, argv, 0) != argv[0]  ||  f (e, argv, 1) != argv[1];
|   ;
|   return 0;
| }
configure:5421: mpicxx -Xc -D__EXTENSIONS__ -c -fPIC -O2 -g -fopenmp -DUSE_SIMD -std=c++11  conftest.c >&5
conftest.c(24): error: identifier "p" is undefined
  static char *e (p, i)
                  ^

conftest.c(24): error: expected a ")"
  static char *e (p, i)
                   ^

conftest.c(25): error: expected a ";"
       char **p;
       ^

conftest.c(27): error: expected a declaration
  {
  ^

conftest.c(63): error: argument of type "char *" is incompatible with parameter of type "char *(*)(char **, int)"
  return f (e, argv, 0) != argv[0]  ||  f (e, argv, 1) != argv[1];
            ^

conftest.c(63): error: argument of type "char *" is incompatible with parameter of type "char *(*)(char **, int)"
  return f (e, argv, 0) != argv[0]  ||  f (e, argv, 1) != argv[1];
                                           ^

compilation aborted for conftest.c (code 2)
configure:5421: $? = 2
configure: failed program was:
| /* confdefs.h */
| #define PACKAGE_NAME "hypre"
| #define PACKAGE_TARNAME "hypre"
| #define PACKAGE_VERSION "2.15.1"
| #define PACKAGE_STRING "hypre 2.15.1"
| #define PACKAGE_BUGREPORT ""
| #define PACKAGE_URL ""
| #define HYPRE_RELEASE_NAME "hypre"
| #define HYPRE_RELEASE_VERSION "2.15.1"
| #define HYPRE_RELEASE_DATE "2018/10/19"
| #define HYPRE_RELEASE_TIME "00:00:00"
| #define HYPRE_RELEASE_BUGS "hypre-support@llnl.gov"
| #define HYPRE_MAXDIM 3
| #define HYPRE_FMANGLE 0
| #define HYPRE_FMANGLE_BLAS 0
| #define HYPRE_FMANGLE_LAPACK 0
| /* end confdefs.h.  */
| #include <stdarg.h>
| #include <stdio.h>
| struct stat;
| /* Most of the following tests are stolen from RCS 5.7's src/conf.sh.  */
| struct buf { int x; };
| FILE * (*rcsopen) (struct buf *, struct stat *, int);
| static char *e (p, i)
|      char **p;
|      int i;
| {
|   return p[i];
| }
| static char *f (char * (*g) (char **, int), char **p, ...)
| {
|   char *s;
|   va_list v;
|   va_start (v,p);
|   s = g (p, va_arg (v,int));
|   va_end (v);
|   return s;
| }
| 
| /* OSF 4.0 Compaq cc is some sort of almost-ANSI by default.  It has
|    function prototypes and stuff, but not '\xHH' hex character constants.
|    These don't provoke an error unfortunately, instead are silently treated
|    as 'x'.  The following induces an error, until -std is added to get
|    proper ANSI mode.  Curiously '\x00'!='x' always comes out true, for an
|    array size at least.  It's necessary to write '\x00'==0 to get something
|    that's true only with -std.  */
| int osf4_cc_array ['\x00' == 0 ? 1 : -1];
| 
| /* IBM C 6 for AIX is almost-ANSI by default, but it replaces macro parameters
|    inside strings and character constants.  */
| #define FOO(x) 'x'
| int xlc6_cc_array[FOO(a) == 'x' ? 1 : -1];
| 
| int test (int i, double x);
| struct s1 {int (*f) (int a);};
| struct s2 {int (*f) (double a);};
| int pairnames (int, char **, FILE *(*)(struct buf *, struct stat *, int), int, int);
| int argc;
| char **argv;
| int
| main ()
| {
| return f (e, argv, 0) != argv[0]  ||  f (e, argv, 1) != argv[1];
|   ;
|   return 0;
| }
configure:5437: result: unsupported
configure:5275: checking for C++ compiler version
configure:5284: mpicxx --version >&5
icpc (ICC) 19.1.2.254 20200623
Copyright (C) 1985-2020 Intel Corporation.  All rights reserved.

configure:5295: $? = 0
configure:5284: mpicxx -v >&5
mpicxx for MPICH version 3.2
icpc version 19.1.2.254 (gcc version 7.4.0 compatibility)
configure:5295: $? = 0
configure:5284: mpicxx -V >&5
GNU ld (GNU Binutils for Debian) 2.31.1
Intel(R) C++ Intel(R) 64 Compiler for applications running on Intel(R) 64, Version 19.1.2.254 Build 20200623
Copyright (C) 1985-2020 Intel Corporation.  All rights reserved.

ld: /usr/lib/gcc/x86_64-linux-gnu/7/../../../x86_64-linux-gnu/Scrt1.o: in function `_start':
(.text+0x20): undefined reference to `main'
configure:5295: $? = 1
configure:5284: mpicxx -qversion >&5
icpc: command line warning #10006: ignoring unknown option '-qversion'
ld: /usr/lib/gcc/x86_64-linux-gnu/7/../../../x86_64-linux-gnu/Scrt1.o: in function `_start':
(.text+0x20): undefined reference to `main'
configure:5295: $? = 1
configure:5299: checking whether we are using the GNU C++ compiler
configure:5318: mpicxx -c -fPIC -O2 -g -fopenmp -DUSE_SIMD -std=c++11  conftest.cpp >&5
configure:5318: $? = 0
configure:5327: result: yes
configure:5336: checking whether mpicxx accepts -g
configure:5356: mpicxx -c -g  conftest.cpp >&5
configure:5356: $? = 0
configure:5397: result: yes
configure:5530: checking for Fortran compiler version
configure:5539: mpif77 --version >&5
GNU Fortran (Debian 7.4.0-6) 7.4.0
Copyright (C) 2017 Free Software Foundation, Inc.
This is free software; see the source for copying conditions.  There is NO
warranty; not even for MERCHANTABILITY or FITNESS FOR A PARTICULAR PURPOSE.

configure:5550: $? = 0
configure:5539: mpif77 -v >&5
mpifort for MPICH version 3.2
Using built-in specs.
COLLECT_GCC=gfortran
COLLECT_LTO_WRAPPER=/usr/lib/gcc/x86_64-linux-gnu/7/lto-wrapper
OFFLOAD_TARGET_NAMES=nvptx-none
OFFLOAD_TARGET_DEFAULT=1
Target: x86_64-linux-gnu
Configured with: ../src/configure -v --with-pkgversion='Debian 7.4.0-6' --with-bugurl=file:///usr/share/doc/gcc-7/README.Bugs --enable-languages=c,ada,c++,go,brig,d,fortran,objc,obj-c++ --prefix=/usr --with-gcc-major-version-only --program-suffix=-7 --program-prefix=x86_64-linux-gnu- --enable-shared --enable-linker-build-id --libexecdir=/usr/lib --without-included-gettext --enable-threads=posix --libdir=/usr/lib --enable-nls --enable-bootstrap --enable-clocale=gnu --enable-libstdcxx-debug --enable-libstdcxx-time=yes --with-default-libstdcxx-abi=new --enable-gnu-unique-object --disable-vtable-verify --enable-libmpx --enable-plugin --enable-default-pie --with-system-zlib --with-target-system-zlib --enable-objc-gc=auto --enable-multiarch --disable-werror --with-arch-32=i686 --with-abi=m64 --with-multilib-list=m32,m64,mx32 --enable-multilib --with-tune=generic --enable-offload-targets=nvptx-none --without-cuda-driver --enable-checking=release --build=x86_64-linux-gnu --host=x86_64-linux-gnu --target=x86_64-linux-gnu
Thread model: posix
gcc version 7.4.0 (Debian 7.4.0-6) 
configure:5550: $? = 0
configure:5539: mpif77 -V >&5
gfortran: error: unrecognized command line option '-V'
configure:5550: $? = 1
configure:5539: mpif77 -qversion >&5
gfortran: error: unrecognized command line option '-qversion'; did you mean '--version'?
configure:5550: $? = 1
configure:5559: checking whether we are using the GNU Fortran compiler
configure:5572: mpif77 -c   conftest.F >&5
configure:5572: $? = 0
configure:5581: result: yes
configure:5587: checking whether mpif77 accepts -g
configure:5598: mpif77 -c -g  conftest.f >&5
configure:5598: $? = 0
configure:5606: result: yes
configure:5640: checking how to get verbose linking output from mpif77
configure:5650: mpif77 -c -g -O3  conftest.f >&5
configure:5650: $? = 0
configure:5668: mpif77 -o conftest -g -O3 -v conftest.f
mpifort for MPICH version 3.2
Using built-in specs.
Target: x86_64-linux-gnu
Thread model: posix
gcc version 7.4.0 (Debian 7.4.0-6) 
 /usr/lib/gcc/x86_64-linux-gnu/7/f951 conftest.f -ffixed-form -I /usr/local/mpich-3.2/include -I /usr/local/mpich-3.2/include -quiet -dumpbase conftest.f -mtune=generic -march=x86-64 -auxbase conftest -g -O3 -version -fintrinsic-modules-path /usr/lib/gcc/x86_64-linux-gnu/7/finclude -o /tmp/cckg5SYn.s
GNU Fortran (Debian 7.4.0-6) version 7.4.0 (x86_64-linux-gnu)
	compiled by GNU C version 7.4.0, GMP version 6.1.2, MPFR version 4.0.2, MPC version 1.1.0, isl version isl-0.20-GMP

GGC heuristics: --param ggc-min-expand=100 --param ggc-min-heapsize=131072
GNU Fortran2008 (Debian 7.4.0-6) version 7.4.0 (x86_64-linux-gnu)
	compiled by GNU C version 7.4.0, GMP version 6.1.2, MPFR version 4.0.2, MPC version 1.1.0, isl version isl-0.20-GMP

GGC heuristics: --param ggc-min-expand=100 --param ggc-min-heapsize=131072
 as -v -I /usr/local/mpich-3.2/include -I /usr/local/mpich-3.2/include --64 -o /tmp/cc92kv6S.o /tmp/cckg5SYn.s
GNU assembler version 2.31.1 (x86_64-linux-gnu) using BFD version (GNU Binutils for Debian) 2.31.1
Reading specs from /usr/lib/gcc/x86_64-linux-gnu/7/libgfortran.spec
rename spec lib to liborig
 /usr/lib/gcc/x86_64-linux-gnu/7/collect2 -plugin /usr/lib/gcc/x86_64-linux-gnu/7/liblto_plugin.so -plugin-opt=/usr/lib/gcc/x86_64-linux-gnu/7/lto-wrapper -plugin-opt=-fresolution=/tmp/ccKKOPfo.res -plugin-opt=-pass-through=-lgcc_s -plugin-opt=-pass-through=-lgcc -plugin-opt=-pass-through=-lquadmath -plugin-opt=-pass-through=-lm -plugin-opt=-pass-through=-lgcc_s -plugin-opt=-pass-through=-lgcc -plugin-opt=-pass-through=-lc -plugin-opt=-pass-through=-lgcc_s -plugin-opt=-pass-through=-lgcc --build-id --eh-frame-hdr -m elf_x86_64 --hash-style=gnu -dynamic-linker /lib64/ld-linux-x86-64.so.2 -pie -o conftest /usr/lib/gcc/x86_64-linux-gnu/7/../../../x86_64-linux-gnu/Scrt1.o /usr/lib/gcc/x86_64-linux-gnu/7/../../../x86_64-linux-gnu/crti.o /usr/lib/gcc/x86_64-linux-gnu/7/crtbeginS.o -L/usr/local/mpich-3.2/lib -L/opt/intel/parallel_studio_2020/compilers_and_libraries_2020.2.254/linux/mpi/intel64/libfabric/lib/../lib -L/usr/lib/gcc/x86_64-linux-gnu/7 -L/usr/lib/gcc/x86_64-linux-gnu/7/../../../x86_64-linux-gnu -L/usr/lib/gcc/x86_64-linux-gnu/7/../../../../lib -L/lib/x86_64-linux-gnu -L/lib/../lib -L/usr/lib/x86_64-linux-gnu -L/usr/lib/../lib -L/opt/intel/parallel_studio_2020/compilers_and_libraries_2020.2.254/linux/mpi/intel64/libfabric/lib -L/opt/intel/parallel_studio_2020/compilers_and_libraries_2020.2.254/linux/compiler/lib/intel64_lin -L/opt/intel/parallel_studio_2020/compilers_and_libraries_2020.2.254/linux/mkl/lib/intel64_lin -L/opt/intel/parallel_studio_2020/compilers_and_libraries_2020.2.254/linux/tbb/lib/intel64/gcc4.8 -L/opt/intel/parallel_studio_2020/compilers_and_libraries_2020.2.254/linux/tbb/lib/intel64/gcc4.8 -L/usr/lib/gcc/x86_64-linux-gnu/7/../../.. /tmp/cc92kv6S.o -lmpifort -rpath /usr/local/mpich-3.2/lib --enable-new-dtags -lmpi -lgfortran -lm -lgcc_s -lgcc -lquadmath -lm -lgcc_s -lgcc -lc -lgcc_s -lgcc /usr/lib/gcc/x86_64-linux-gnu/7/crtendS.o /usr/lib/gcc/x86_64-linux-gnu/7/../../../x86_64-linux-gnu/crtn.o
configure:5751: result: -v
configure:5753: checking for Fortran libraries of mpif77
configure:5776: mpif77 -o conftest -g -O3 -v conftest.f
mpifort for MPICH version 3.2
Using built-in specs.
Target: x86_64-linux-gnu
Thread model: posix
gcc version 7.4.0 (Debian 7.4.0-6) 
 /usr/lib/gcc/x86_64-linux-gnu/7/f951 conftest.f -ffixed-form -I /usr/local/mpich-3.2/include -I /usr/local/mpich-3.2/include -quiet -dumpbase conftest.f -mtune=generic -march=x86-64 -auxbase conftest -g -O3 -version -fintrinsic-modules-path /usr/lib/gcc/x86_64-linux-gnu/7/finclude -o /tmp/ccfKH3yy.s
GNU Fortran (Debian 7.4.0-6) version 7.4.0 (x86_64-linux-gnu)
	compiled by GNU C version 7.4.0, GMP version 6.1.2, MPFR version 4.0.2, MPC version 1.1.0, isl version isl-0.20-GMP

GGC heuristics: --param ggc-min-expand=100 --param ggc-min-heapsize=131072
GNU Fortran2008 (Debian 7.4.0-6) version 7.4.0 (x86_64-linux-gnu)
	compiled by GNU C version 7.4.0, GMP version 6.1.2, MPFR version 4.0.2, MPC version 1.1.0, isl version isl-0.20-GMP

GGC heuristics: --param ggc-min-expand=100 --param ggc-min-heapsize=131072
 as -v -I /usr/local/mpich-3.2/include -I /usr/local/mpich-3.2/include --64 -o /tmp/ccoHoV03.o /tmp/ccfKH3yy.s
GNU assembler version 2.31.1 (x86_64-linux-gnu) using BFD version (GNU Binutils for Debian) 2.31.1
Reading specs from /usr/lib/gcc/x86_64-linux-gnu/7/libgfortran.spec
rename spec lib to liborig
 /usr/lib/gcc/x86_64-linux-gnu/7/collect2 -plugin /usr/lib/gcc/x86_64-linux-gnu/7/liblto_plugin.so -plugin-opt=/usr/lib/gcc/x86_64-linux-gnu/7/lto-wrapper -plugin-opt=-fresolution=/tmp/ccMpLjuz.res -plugin-opt=-pass-through=-lgcc_s -plugin-opt=-pass-through=-lgcc -plugin-opt=-pass-through=-lquadmath -plugin-opt=-pass-through=-lm -plugin-opt=-pass-through=-lgcc_s -plugin-opt=-pass-through=-lgcc -plugin-opt=-pass-through=-lc -plugin-opt=-pass-through=-lgcc_s -plugin-opt=-pass-through=-lgcc --build-id --eh-frame-hdr -m elf_x86_64 --hash-style=gnu -dynamic-linker /lib64/ld-linux-x86-64.so.2 -pie -o conftest /usr/lib/gcc/x86_64-linux-gnu/7/../../../x86_64-linux-gnu/Scrt1.o /usr/lib/gcc/x86_64-linux-gnu/7/../../../x86_64-linux-gnu/crti.o /usr/lib/gcc/x86_64-linux-gnu/7/crtbeginS.o -L/usr/local/mpich-3.2/lib -L/opt/intel/parallel_studio_2020/compilers_and_libraries_2020.2.254/linux/mpi/intel64/libfabric/lib/../lib -L/usr/lib/gcc/x86_64-linux-gnu/7 -L/usr/lib/gcc/x86_64-linux-gnu/7/../../../x86_64-linux-gnu -L/usr/lib/gcc/x86_64-linux-gnu/7/../../../../lib -L/lib/x86_64-linux-gnu -L/lib/../lib -L/usr/lib/x86_64-linux-gnu -L/usr/lib/../lib -L/opt/intel/parallel_studio_2020/compilers_and_libraries_2020.2.254/linux/mpi/intel64/libfabric/lib -L/opt/intel/parallel_studio_2020/compilers_and_libraries_2020.2.254/linux/compiler/lib/intel64_lin -L/opt/intel/parallel_studio_2020/compilers_and_libraries_2020.2.254/linux/mkl/lib/intel64_lin -L/opt/intel/parallel_studio_2020/compilers_and_libraries_2020.2.254/linux/tbb/lib/intel64/gcc4.8 -L/opt/intel/parallel_studio_2020/compilers_and_libraries_2020.2.254/linux/tbb/lib/intel64/gcc4.8 -L/usr/lib/gcc/x86_64-linux-gnu/7/../../.. /tmp/ccoHoV03.o -lmpifort -rpath /usr/local/mpich-3.2/lib --enable-new-dtags -lmpi -lgfortran -lm -lgcc_s -lgcc -lquadmath -lm -lgcc_s -lgcc -lc -lgcc_s -lgcc /usr/lib/gcc/x86_64-linux-gnu/7/crtendS.o /usr/lib/gcc/x86_64-linux-gnu/7/../../../x86_64-linux-gnu/crtn.o
configure:5972: result:  -L/usr/local/mpich-3.2/lib -L/opt/intel/parallel_studio_2020/compilers_and_libraries_2020.2.254/linux/mpi/intel64/libfabric/lib/../lib -L/usr/lib/gcc/x86_64-linux-gnu/7 -L/usr/lib/gcc/x86_64-linux-gnu/7/../../../x86_64-linux-gnu -L/usr/lib/gcc/x86_64-linux-gnu/7/../../../../lib -L/lib/x86_64-linux-gnu -L/lib/../lib -L/usr/lib/x86_64-linux-gnu -L/usr/lib/../lib -L/opt/intel/parallel_studio_2020/compilers_and_libraries_2020.2.254/linux/mpi/intel64/libfabric/lib -L/opt/intel/parallel_studio_2020/compilers_and_libraries_2020.2.254/linux/compiler/lib/intel64_lin -L/opt/intel/parallel_studio_2020/compilers_and_libraries_2020.2.254/linux/mkl/lib/intel64_lin -L/opt/intel/parallel_studio_2020/compilers_and_libraries_2020.2.254/linux/tbb/lib/intel64/gcc4.8 -L/usr/lib/gcc/x86_64-linux-gnu/7/../../.. -lmpifort -lmpi -lgfortran -lm -lquadmath
configure:5989: checking for dummy main to link with Fortran libraries
configure:6023: mpicxx -o conftest -fPIC -O2 -g -fopenmp -DUSE_SIMD -std=c++11   conftest.c   -L/usr/local/mpich-3.2/lib -L/opt/intel/parallel_studio_2020/compilers_and_libraries_2020.2.254/linux/mpi/intel64/libfabric/lib/../lib -L/usr/lib/gcc/x86_64-linux-gnu/7 -L/usr/lib/gcc/x86_64-linux-gnu/7/../../../x86_64-linux-gnu -L/usr/lib/gcc/x86_64-linux-gnu/7/../../../../lib -L/lib/x86_64-linux-gnu -L/lib/../lib -L/usr/lib/x86_64-linux-gnu -L/usr/lib/../lib -L/opt/intel/parallel_studio_2020/compilers_and_libraries_2020.2.254/linux/mpi/intel64/libfabric/lib -L/opt/intel/parallel_studio_2020/compilers_and_libraries_2020.2.254/linux/compiler/lib/intel64_lin -L/opt/intel/parallel_studio_2020/compilers_and_libraries_2020.2.254/linux/mkl/lib/intel64_lin -L/opt/intel/parallel_studio_2020/compilers_and_libraries_2020.2.254/linux/tbb/lib/intel64/gcc4.8 -L/usr/lib/gcc/x86_64-linux-gnu/7/../../.. -lmpifort -lmpi -lgfortran -lm -lquadmath >&5
configure:6023: $? = 0
configure:6068: result: none
configure:6101: checking for Fortran name-mangling scheme
configure:6114: mpif77 -c -g -O3  conftest.f >&5
configure:6114: $? = 0
configure:6155: mpicxx -o conftest -fPIC -O2 -g -fopenmp -DUSE_SIMD -std=c++11   conftest.c cfortran_test.o   -L/usr/local/mpich-3.2/lib -L/opt/intel/parallel_studio_2020/compilers_and_libraries_2020.2.254/linux/mpi/intel64/libfabric/lib/../lib -L/usr/lib/gcc/x86_64-linux-gnu/7 -L/usr/lib/gcc/x86_64-linux-gnu/7/../../../x86_64-linux-gnu -L/usr/lib/gcc/x86_64-linux-gnu/7/../../../../lib -L/lib/x86_64-linux-gnu -L/lib/../lib -L/usr/lib/x86_64-linux-gnu -L/usr/lib/../lib -L/opt/intel/parallel_studio_2020/compilers_and_libraries_2020.2.254/linux/mpi/intel64/libfabric/lib -L/opt/intel/parallel_studio_2020/compilers_and_libraries_2020.2.254/linux/compiler/lib/intel64_lin -L/opt/intel/parallel_studio_2020/compilers_and_libraries_2020.2.254/linux/mkl/lib/intel64_lin -L/opt/intel/parallel_studio_2020/compilers_and_libraries_2020.2.254/linux/tbb/lib/intel64/gcc4.8 -L/usr/lib/gcc/x86_64-linux-gnu/7/../../.. -lmpifort -lmpi -lgfortran -lm -lquadmath >&5
ld: /tmp/icpcWRmFcj.o: in function `main':
/home/damodars/hypre_ep/hypre_ep/src/conftest.c:37: undefined reference to `foobar'
configure:6155: $? = 1
configure: failed program was:
| /* confdefs.h */
| #define PACKAGE_NAME "hypre"
| #define PACKAGE_TARNAME "hypre"
| #define PACKAGE_VERSION "2.15.1"
| #define PACKAGE_STRING "hypre 2.15.1"
| #define PACKAGE_BUGREPORT ""
| #define PACKAGE_URL ""
| #define HYPRE_RELEASE_NAME "hypre"
| #define HYPRE_RELEASE_VERSION "2.15.1"
| #define HYPRE_RELEASE_DATE "2018/10/19"
| #define HYPRE_RELEASE_TIME "00:00:00"
| #define HYPRE_RELEASE_BUGS "hypre-support@llnl.gov"
| #define HYPRE_MAXDIM 3
| #define HYPRE_FMANGLE 0
| #define HYPRE_FMANGLE_BLAS 0
| #define HYPRE_FMANGLE_LAPACK 0
| /* end confdefs.h.  */
| 
| /* Override any GCC internal prototype to avoid an error.
|    Use char because int might match the return type of a GCC
|    builtin and then its argument prototype would still apply.  */
| #ifdef __cplusplus
| extern "C"
| #endif
| char foobar ();
| #ifdef FC_DUMMY_MAIN
| #ifndef FC_DUMMY_MAIN_EQ_F77
| #  ifdef __cplusplus
|      extern "C"
| #  endif
|    int FC_DUMMY_MAIN() { return 1; }
| #endif
| #endif
| int
| main ()
| {
| return foobar ();
|   ;
|   return 0;
| }
configure:6155: mpicxx -o conftest -fPIC -O2 -g -fopenmp -DUSE_SIMD -std=c++11   conftest.c cfortran_test.o   -L/usr/local/mpich-3.2/lib -L/opt/intel/parallel_studio_2020/compilers_and_libraries_2020.2.254/linux/mpi/intel64/libfabric/lib/../lib -L/usr/lib/gcc/x86_64-linux-gnu/7 -L/usr/lib/gcc/x86_64-linux-gnu/7/../../../x86_64-linux-gnu -L/usr/lib/gcc/x86_64-linux-gnu/7/../../../../lib -L/lib/x86_64-linux-gnu -L/lib/../lib -L/usr/lib/x86_64-linux-gnu -L/usr/lib/../lib -L/opt/intel/parallel_studio_2020/compilers_and_libraries_2020.2.254/linux/mpi/intel64/libfabric/lib -L/opt/intel/parallel_studio_2020/compilers_and_libraries_2020.2.254/linux/compiler/lib/intel64_lin -L/opt/intel/parallel_studio_2020/compilers_and_libraries_2020.2.254/linux/mkl/lib/intel64_lin -L/opt/intel/parallel_studio_2020/compilers_and_libraries_2020.2.254/linux/tbb/lib/intel64/gcc4.8 -L/usr/lib/gcc/x86_64-linux-gnu/7/../../.. -lmpifort -lmpi -lgfortran -lm -lquadmath >&5
configure:6155: $? = 0
configure:6213: mpicxx -o conftest -fPIC -O2 -g -fopenmp -DUSE_SIMD -std=c++11   conftest.c cfortran_test.o   -L/usr/local/mpich-3.2/lib -L/opt/intel/parallel_studio_2020/compilers_and_libraries_2020.2.254/linux/mpi/intel64/libfabric/lib/../lib -L/usr/lib/gcc/x86_64-linux-gnu/7 -L/usr/lib/gcc/x86_64-linux-gnu/7/../../../x86_64-linux-gnu -L/usr/lib/gcc/x86_64-linux-gnu/7/../../../../lib -L/lib/x86_64-linux-gnu -L/lib/../lib -L/usr/lib/x86_64-linux-gnu -L/usr/lib/../lib -L/opt/intel/parallel_studio_2020/compilers_and_libraries_2020.2.254/linux/mpi/intel64/libfabric/lib -L/opt/intel/parallel_studio_2020/compilers_and_libraries_2020.2.254/linux/compiler/lib/intel64_lin -L/opt/intel/parallel_studio_2020/compilers_and_libraries_2020.2.254/linux/mkl/lib/intel64_lin -L/opt/intel/parallel_studio_2020/compilers_and_libraries_2020.2.254/linux/tbb/lib/intel64/gcc4.8 -L/usr/lib/gcc/x86_64-linux-gnu/7/../../.. -lmpifort -lmpi -lgfortran -lm -lquadmath >&5
configure:6213: $? = 0
configure:6255: result: lower case, underscore, no extra underscore
configure:6331: checking for MPI_Init
configure:6331: mpicxx -o conftest -fPIC -O2 -g -fopenmp -DUSE_SIMD -std=c++11   conftest.c  >&5
configure:6331: $? = 0
configure:6331: result: yes
configure:6441: checking for mpi.h
configure:6462: mpicxx -c -fPIC -O2 -g -fopenmp -DUSE_SIMD -std=c++11  conftest.c >&5
configure:6462: $? = 0
configure:6463: result: yes
configure:6489: checking for MPI_Comm_f2c
configure:6489: mpicxx -o conftest -fPIC -O2 -g -fopenmp -DUSE_SIMD -std=c++11   conftest.c    >&5
ld: /tmp/icpcklXURh.o: in function `main':
/home/damodars/hypre_ep/hypre_ep/src/conftest.c:63: undefined reference to `MPI_Comm_f2c'
configure:6489: $? = 1
configure: failed program was:
| /* confdefs.h */
| #define PACKAGE_NAME "hypre"
| #define PACKAGE_TARNAME "hypre"
| #define PACKAGE_VERSION "2.15.1"
| #define PACKAGE_STRING "hypre 2.15.1"
| #define PACKAGE_BUGREPORT ""
| #define PACKAGE_URL ""
| #define HYPRE_RELEASE_NAME "hypre"
| #define HYPRE_RELEASE_VERSION "2.15.1"
| #define HYPRE_RELEASE_DATE "2018/10/19"
| #define HYPRE_RELEASE_TIME "00:00:00"
| #define HYPRE_RELEASE_BUGS "hypre-support@llnl.gov"
| #define HYPRE_MAXDIM 3
| #define HYPRE_FMANGLE 0
| #define HYPRE_FMANGLE_BLAS 0
| #define HYPRE_FMANGLE_LAPACK 0
| #define FC_FUNC(name,NAME) name ## _
| #define FC_FUNC_(name,NAME) name ## _
| #define HYPRE_HAVE_MPI 1
| /* end confdefs.h.  */
| /* Define MPI_Comm_f2c to an innocuous variant, in case <limits.h> declares MPI_Comm_f2c.
|    For example, HP-UX 11i <limits.h> declares gettimeofday.  */
| #define MPI_Comm_f2c innocuous_MPI_Comm_f2c
| 
| /* System header to define __stub macros and hopefully few prototypes,
|     which can conflict with char MPI_Comm_f2c (); below.
|     Prefer <limits.h> to <assert.h> if __STDC__ is defined, since
|     <limits.h> exists even on freestanding compilers.  */
| 
| #ifdef __STDC__
| # include <limits.h>
| #else
| # include <assert.h>
| #endif
| 
| #undef MPI_Comm_f2c
| 
| /* Override any GCC internal prototype to avoid an error.
|    Use char because int might match the return type of a GCC
|    builtin and then its argument prototype would still apply.  */
| #ifdef __cplusplus
| extern "C"
| #endif
| char MPI_Comm_f2c ();
| /* The GNU C library defines this for functions which it implements
|     to always fail with ENOSYS.  Some functions are actually named
|     something starting with __ and the normal name is an alias.  */
| #if defined __stub_MPI_Comm_f2c || defined __stub___MPI_Comm_f2c
| choke me
| #endif
| 
| #ifdef FC_DUMMY_MAIN
| #ifndef FC_DUMMY_MAIN_EQ_F77
| #  ifdef __cplusplus
|      extern "C"
| #  endif
|    int FC_DUMMY_MAIN() { return 1; }
| #endif
| #endif
| int
| main ()
| {
| return MPI_Comm_f2c ();
|   ;
|   return 0;
| }
configure:6489: result: no
configure:6503: checking how to run the C preprocessor
configure:6534: mpicxx -E  conftest.c
configure:6534: $? = 0
configure:6548: mpicxx -E  conftest.c
conftest.c(21): error #2379: cannot open source file "ac_nonexistent.h"
  #include <ac_nonexistent.h>
                             ^

configure:6548: $? = 2
configure: failed program was:
| /* confdefs.h */
| #define PACKAGE_NAME "hypre"
| #define PACKAGE_TARNAME "hypre"
| #define PACKAGE_VERSION "2.15.1"
| #define PACKAGE_STRING "hypre 2.15.1"
| #define PACKAGE_BUGREPORT ""
| #define PACKAGE_URL ""
| #define HYPRE_RELEASE_NAME "hypre"
| #define HYPRE_RELEASE_VERSION "2.15.1"
| #define HYPRE_RELEASE_DATE "2018/10/19"
| #define HYPRE_RELEASE_TIME "00:00:00"
| #define HYPRE_RELEASE_BUGS "hypre-support@llnl.gov"
| #define HYPRE_MAXDIM 3
| #define HYPRE_FMANGLE 0
| #define HYPRE_FMANGLE_BLAS 0
| #define HYPRE_FMANGLE_LAPACK 0
| #define FC_FUNC(name,NAME) name ## _
| #define FC_FUNC_(name,NAME) name ## _
| #define HYPRE_HAVE_MPI 1
| /* end confdefs.h.  */
| #include <ac_nonexistent.h>
configure:6573: result: mpicxx -E
configure:6593: mpicxx -E  conftest.c
configure:6593: $? = 0
configure:6607: mpicxx -E  conftest.c
conftest.c(21): error #2379: cannot open source file "ac_nonexistent.h"
  #include <ac_nonexistent.h>
                             ^

configure:6607: $? = 2
configure: failed program was:
| /* confdefs.h */
| #define PACKAGE_NAME "hypre"
| #define PACKAGE_TARNAME "hypre"
| #define PACKAGE_VERSION "2.15.1"
| #define PACKAGE_STRING "hypre 2.15.1"
| #define PACKAGE_BUGREPORT ""
| #define PACKAGE_URL ""
| #define HYPRE_RELEASE_NAME "hypre"
| #define HYPRE_RELEASE_VERSION "2.15.1"
| #define HYPRE_RELEASE_DATE "2018/10/19"
| #define HYPRE_RELEASE_TIME "00:00:00"
| #define HYPRE_RELEASE_BUGS "hypre-support@llnl.gov"
| #define HYPRE_MAXDIM 3
| #define HYPRE_FMANGLE 0
| #define HYPRE_FMANGLE_BLAS 0
| #define HYPRE_FMANGLE_LAPACK 0
| #define FC_FUNC(name,NAME) name ## _
| #define FC_FUNC_(name,NAME) name ## _
| #define HYPRE_HAVE_MPI 1
| /* end confdefs.h.  */
| #include <ac_nonexistent.h>
configure:6636: checking for grep that handles long lines and -e
configure:6694: result: /bin/grep
configure:6699: checking for egrep
configure:6761: result: /bin/grep -E
configure:6766: checking whether MPI_Comm_f2c is a macro
configure:6788: result: yes
configure:7232: checking for __gxx_personality_v0 in -lstdc++
configure:7265: mpicxx -o conftest -fPIC -O2 -g -fopenmp -DUSE_SIMD -std=c++11   conftest.c -lstdc++     >&5
configure:7265: $? = 0
configure:7274: result: yes
configure:7562: checking for cabs in -lm
configure:7595: mpicxx -o conftest -fPIC -O2 -g -fopenmp -DUSE_SIMD -std=c++11    conftest.c -lm     -lstdc++ >&5
configure:7595: $? = 0
configure:7604: result: yes
configure:8165: checking the hostname
configure:8176: result: albion
configure:8180: checking the architecture
configure:8211: result: LINUX
configure:8461: creating ./config.status

## ---------------------- ##
## Running config.status. ##
## ---------------------- ##

This file was extended by hypre config.status 2.15.1, which was
generated by GNU Autoconf 2.69.  Invocation command line was

  CONFIG_FILES    = 
  CONFIG_HEADERS  = 
  CONFIG_LINKS    = 
  CONFIG_COMMANDS = 
  $ ./config.status 

on albion

config.status:887: creating config/Makefile.config
config.status:887: creating HYPRE_config.h

## ---------------- ##
## Cache variables. ##
## ---------------- ##

ac_cv_build=x86_64-pc-linux-gnu
ac_cv_c_compiler_gnu=yes
ac_cv_cxx_compiler_gnu=yes
ac_cv_env_CCC_set=
ac_cv_env_CCC_value=
ac_cv_env_CC_set=set
ac_cv_env_CC_value=mpicxx
ac_cv_env_CFLAGS_set=set
ac_cv_env_CFLAGS_value='-fPIC -O2 -g -fopenmp -DUSE_SIMD -std=c++11'
ac_cv_env_CPPFLAGS_set=
ac_cv_env_CPPFLAGS_value=
ac_cv_env_CPP_set=
ac_cv_env_CPP_value=
ac_cv_env_CXXFLAGS_set=set
ac_cv_env_CXXFLAGS_value='-fPIC -O2 -g -fopenmp -DUSE_SIMD -std=c++11'
ac_cv_env_CXX_set=set
ac_cv_env_CXX_value=mpicxx
ac_cv_env_FCFLAGS_set=
ac_cv_env_FCFLAGS_value=
ac_cv_env_FC_set=
ac_cv_env_FC_value=
ac_cv_env_LDFLAGS_set=
ac_cv_env_LDFLAGS_value=
ac_cv_env_LIBS_set=
ac_cv_env_LIBS_value=
ac_cv_env_build_alias_set=
ac_cv_env_build_alias_value=
ac_cv_env_host_alias_set=
ac_cv_env_host_alias_value=
ac_cv_env_target_alias_set=
ac_cv_env_target_alias_value=
ac_cv_fc_compiler_gnu=yes
ac_cv_fc_dummy_main=none
ac_cv_fc_libs=' -L/usr/local/mpich-3.2/lib -L/opt/intel/parallel_studio_2020/compilers_and_libraries_2020.2.254/linux/mpi/intel64/libfabric/lib/../lib -L/usr/lib/gcc/x86_64-linux-gnu/7 -L/usr/lib/gcc/x86_64-linux-gnu/7/../../../x86_64-linux-gnu -L/usr/lib/gcc/x86_64-linux-gnu/7/../../../../lib -L/lib/x86_64-linux-gnu -L/lib/../lib -L/usr/lib/x86_64-linux-gnu -L/usr/lib/../lib -L/opt/intel/parallel_studio_2020/compilers_and_libraries_2020.2.254/linux/mpi/intel64/libfabric/lib -L/opt/intel/parallel_studio_2020/compilers_and_libraries_2020.2.254/linux/compiler/lib/intel64_lin -L/opt/intel/parallel_studio_2020/compilers_and_libraries_2020.2.254/linux/mkl/lib/intel64_lin -L/opt/intel/parallel_studio_2020/compilers_and_libraries_2020.2.254/linux/tbb/lib/intel64/gcc4.8 -L/usr/lib/gcc/x86_64-linux-gnu/7/../../.. -lmpifort -lmpi -lgfortran -lm -lquadmath'
ac_cv_fc_mangling='lower case, underscore, no extra underscore'
ac_cv_fortran_dummy_main=none
ac_cv_func_MPI_Comm_f2c=no
ac_cv_func_MPI_Init=yes
ac_cv_host=x86_64-pc-linux-gnu
ac_cv_lib_m_cabs=yes
ac_cv_lib_stdcpp___gxx_personality_v0=yes
ac_cv_objext=o
ac_cv_path_EGREP='/bin/grep -E'
ac_cv_path_GREP=/bin/grep
ac_cv_prog_CPP='mpicxx -E'
ac_cv_prog_ac_ct_CC=mpicxx
ac_cv_prog_ac_ct_RANLIB=ranlib
ac_cv_prog_cc_c89=no
ac_cv_prog_cc_g=yes
ac_cv_prog_cxx_g=yes
ac_cv_prog_fc_g=yes
ac_cv_prog_fc_v=-v
ac_cv_prog_make_make_set=yes
hypre_cv_func_MPI_Comm_f2c_macro=yes

## ----------------- ##
## Output variables. ##
## ----------------- ##

AR='ar -rcu'
BLASLIBDIRS=''
BLASLIBS=''
BUILD_CC_SHARED=''
BUILD_CXX_SHARED=''
BUILD_FC_SHARED=''
BUILD_JAVA='0'
BUILD_PYTHON='0'
CALIPER_INCLUDE=''
CALIPER_LIBS=''
CC='mpicxx'
CFLAGS='-fPIC -O2 -g -fopenmp -DUSE_SIMD -std=c++11 '
CPP='mpicxx -E'
CPPFLAGS=''
CUCC=''
CUFLAGS=''
CXX='mpicxx'
CXXFLAGS='-fPIC -O2 -g -fopenmp -DUSE_SIMD -std=c++11 '
DEFS='-DHAVE_CONFIG_H'
DSUPERLU_INCLUDE=''
DSUPERLU_LIBS=''
ECHO_C=''
ECHO_N='-n'
ECHO_T=''
EGREP='/bin/grep -E'
EXEEXT=''
FC='mpif77'
FCFLAGS='-g -O3'
FCLIBS=' -L/usr/local/mpich-3.2/lib -L/opt/intel/parallel_studio_2020/compilers_and_libraries_2020.2.254/linux/mpi/intel64/libfabric/lib/../lib -L/usr/lib/gcc/x86_64-linux-gnu/7 -L/usr/lib/gcc/x86_64-linux-gnu/7/../../../x86_64-linux-gnu -L/usr/lib/gcc/x86_64-linux-gnu/7/../../../../lib -L/lib/x86_64-linux-gnu -L/lib/../lib -L/usr/lib/x86_64-linux-gnu -L/usr/lib/../lib -L/opt/intel/parallel_studio_2020/compilers_and_libraries_2020.2.254/linux/mpi/intel64/libfabric/lib -L/opt/intel/parallel_studio_2020/compilers_and_libraries_2020.2.254/linux/compiler/lib/intel64_lin -L/opt/intel/parallel_studio_2020/compilers_and_libraries_2020.2.254/linux/mkl/lib/intel64_lin -L/opt/intel/parallel_studio_2020/compilers_and_libraries_2020.2.254/linux/tbb/lib/intel64/gcc4.8 -L/usr/lib/gcc/x86_64-linux-gnu/7/../../.. -lmpifort -lmpi -lgfortran -lm -lquadmath'
FFLAGS='-O3 -fopenmp'
FLIBS=''
GREP='/bin/grep'
HOSTNAME='albion'
HYPRE_ARCH='LINUX'
HYPRE_BUGS='hypre-support@llnl.gov'
HYPRE_CUDA_INCL=''
HYPRE_CUDA_LIBS=''
HYPRE_DATE='2018/10/19'
HYPRE_FEI_BASE_DIR='/home/damodars/hypre_ep/hypre_ep/src/FEI_mv/fei-base'
HYPRE_FEI_FEMLI_FILES=''
HYPRE_FEI_HYPRE_FILES='/home/damodars/hypre_ep/hypre_ep/src/FEI_mv/fei-hypre/*.o'
HYPRE_FEI_SRC_DIR='/home/damodars/hypre_ep/hypre_ep/src/FEI_mv'
HYPRE_FEI_SUBDIRS='fei-hypre'
HYPRE_INCINSTALL='${prefix}/include'
HYPRE_INSTALLDIR='/home/damodars/hypre_ep/hypre_ep/src/build'
HYPRE_KOKKOS_INCLUDE=''
HYPRE_KOKKOS_INC_FILE=''
HYPRE_KOKKOS_LIB=''
HYPRE_KOKKOS_LIB_DIR=''
HYPRE_KOKKOS_PATH=''
HYPRE_LIBINSTALL='${exec_prefix}/lib'
HYPRE_LIBSUFFIX='.a'
HYPRE_NAME='hypre'
HYPRE_RAJA_INCLUDE=''
HYPRE_RAJA_LIB=''
HYPRE_RAJA_LIB_DIR=''
HYPRE_SRCDIR='/home/damodars/hypre_ep/hypre_ep/src'
HYPRE_TIME='00:00:00'
HYPRE_VERSION='2.15.1'
KOKKOS_LIBS=''
LAPACKLIBDIRS=''
LAPACKLIBS=''
LDFLAGS=''
LIBOBJS=''
LIBS='   -lstdc++ -lm'
LINK_CC='mpicxx'
LINK_CXX='mpicxx'
LINK_FC='mpif77'
LTLIBOBJS=''
MPIFLAGS=''
MPIINCLUDE=''
MPILIBDIRS=''
MPILIBS=' '
OBJEXT='o'
PACKAGE_BUGREPORT=''
PACKAGE_NAME=''
PACKAGE_STRING=''
PACKAGE_TARNAME=''
PACKAGE_URL=''
PACKAGE_VERSION=''
PATH_SEPARATOR=':'
PYTHON=''
RAJA_LIBS=''
RANLIB='ranlib'
SET_MAKE=''
SHARED_BUILD_FLAG=''
SHARED_COMPILE_FLAG=''
SHARED_OPTIONS=''
SHARED_SET_SONAME=''
SHELL='/bin/bash'
SUPERLU_INCLUDE=''
SUPERLU_LIBS=''
ac_ct_CC='mpicxx'
ac_ct_CXX=''
ac_ct_FC=''
bindir='${exec_prefix}/bin'
build='x86_64-pc-linux-gnu'
build_alias=''
build_cpu='x86_64'
build_os='linux-gnu'
build_vendor='pc'
datadir='${datarootdir}'
datarootdir='${prefix}/share'
docdir='${datarootdir}/doc/${PACKAGE_TARNAME}'
dvidir='${docdir}'
exec_prefix='${prefix}'
host='x86_64-pc-linux-gnu'
host_alias=''
host_cpu='x86_64'
host_os='linux-gnu'
host_vendor='pc'
htmldir='${docdir}'
includedir='${prefix}/include'
infodir='${datarootdir}/info'
libdir='${exec_prefix}/lib'
libexecdir='${exec_prefix}/libexec'
localedir='${datarootdir}/locale'
localstatedir='${prefix}/var'
mandir='${datarootdir}/man'
oldincludedir='/usr/include'
pdfdir='${docdir}'
prefix='/home/damodars/hypre_ep/hypre_ep/src/build'
program_transform_name='s,x,x,'
psdir='${docdir}'
sbindir='${exec_prefix}/sbin'
sharedstatedir='${prefix}/com'
sysconfdir='${prefix}/etc'
target_alias=''

## ----------- ##
## confdefs.h. ##
## ----------- ##

/* confdefs.h */
#define PACKAGE_NAME "hypre"
#define PACKAGE_TARNAME "hypre"
#define PACKAGE_VERSION "2.15.1"
#define PACKAGE_STRING "hypre 2.15.1"
#define PACKAGE_BUGREPORT ""
#define PACKAGE_URL ""
#define HYPRE_RELEASE_NAME "hypre"
#define HYPRE_RELEASE_VERSION "2.15.1"
#define HYPRE_RELEASE_DATE "2018/10/19"
#define HYPRE_RELEASE_TIME "00:00:00"
#define HYPRE_RELEASE_BUGS "hypre-support@llnl.gov"
#define HYPRE_MAXDIM 3
#define HYPRE_FMANGLE 0
#define HYPRE_FMANGLE_BLAS 0
#define HYPRE_FMANGLE_LAPACK 0
#define FC_FUNC(name,NAME) name ## _
#define FC_FUNC_(name,NAME) name ## _
#define HYPRE_HAVE_MPI 1
#define HYPRE_HAVE_MPI_COMM_F2C 1
#define HYPRE_NO_GLOBAL_PARTITION 1
#define HYPRE_USING_HYPRE_BLAS 1
#define HYPRE_USING_HYPRE_LAPACK 1
#define HYPRE_USING_OPENMP 1
#define HYPRE_USING_HOST_MEMORY 1
#define HYPRE_LINUX 1

configure: exit 0
